Performing C SOURCE FILE Test CMAKE_HAVE_LIBC_PTHREAD failed with the following output:
Change Dir: /home/ljm/HYPERCV/arm_build/CMakeFiles/CMakeTmp

Run Build Command(s):/usr/bin/make cmTC_7d659/fast && /usr/bin/make -f CMakeFiles/cmTC_7d659.dir/build.make CMakeFiles/cmTC_7d659.dir/build
make[1]: 进入目录“/home/ljm/HYPERCV/arm_build/CMakeFiles/CMakeTmp”
Building C object CMakeFiles/cmTC_7d659.dir/src.c.obj
/usr/bin/aarch64-linux-gnu-gcc   -DCMAKE_HAVE_LIBC_PTHREAD   -o CMakeFiles/cmTC_7d659.dir/src.c.obj   -c /home/ljm/HYPERCV/arm_build/CMakeFiles/CMakeTmp/src.c
Linking C executable cmTC_7d659
/usr/bin/cmake -E cmake_link_script CMakeFiles/cmTC_7d659.dir/link.txt --verbose=1
/usr/bin/aarch64-linux-gnu-gcc  -DCMAKE_HAVE_LIBC_PTHREAD    CMakeFiles/cmTC_7d659.dir/src.c.obj  -o cmTC_7d659 
/usr/lib/gcc-cross/aarch64-linux-gnu/9/../../../../aarch64-linux-gnu/bin/ld: CMakeFiles/cmTC_7d659.dir/src.c.obj: in function `main':
src.c:(.text+0x48): undefined reference to `pthread_create'
/usr/lib/gcc-cross/aarch64-linux-gnu/9/../../../../aarch64-linux-gnu/bin/ld: src.c:(.text+0x50): undefined reference to `pthread_detach'
/usr/lib/gcc-cross/aarch64-linux-gnu/9/../../../../aarch64-linux-gnu/bin/ld: src.c:(.text+0x5c): undefined reference to `pthread_join'
collect2: error: ld returned 1 exit status
make[1]: *** [CMakeFiles/cmTC_7d659.dir/build.make:87：cmTC_7d659] 错误 1
make[1]: 离开目录“/home/ljm/HYPERCV/arm_build/CMakeFiles/CMakeTmp”
make: *** [Makefile:121：cmTC_7d659/fast] 错误 2


Source file was:
#include <pthread.h>

void* test_func(void* data)
{
  return data;
}

int main(void)
{
  pthread_t thread;
  pthread_create(&thread, NULL, test_func, NULL);
  pthread_detach(thread);
  pthread_join(thread, NULL);
  pthread_atfork(NULL, NULL, NULL);
  pthread_exit(NULL);

  return 0;
}

Determining if the function pthread_create exists in the pthreads failed with the following output:
Change Dir: /home/ljm/HYPERCV/arm_build/CMakeFiles/CMakeTmp

Run Build Command(s):/usr/bin/make cmTC_e1431/fast && /usr/bin/make -f CMakeFiles/cmTC_e1431.dir/build.make CMakeFiles/cmTC_e1431.dir/build
make[1]: 进入目录“/home/ljm/HYPERCV/arm_build/CMakeFiles/CMakeTmp”
Building C object CMakeFiles/cmTC_e1431.dir/CheckFunctionExists.c.obj
/usr/bin/aarch64-linux-gnu-gcc   -DCHECK_FUNCTION_EXISTS=pthread_create   -o CMakeFiles/cmTC_e1431.dir/CheckFunctionExists.c.obj   -c /usr/share/cmake-3.16/Modules/CheckFunctionExists.c
Linking C executable cmTC_e1431
/usr/bin/cmake -E cmake_link_script CMakeFiles/cmTC_e1431.dir/link.txt --verbose=1
/usr/bin/aarch64-linux-gnu-gcc  -DCHECK_FUNCTION_EXISTS=pthread_create    CMakeFiles/cmTC_e1431.dir/CheckFunctionExists.c.obj  -o cmTC_e1431  -lpthreads 
/usr/lib/gcc-cross/aarch64-linux-gnu/9/../../../../aarch64-linux-gnu/bin/ld: 找不到 -lpthreads
collect2: error: ld returned 1 exit status
make[1]: *** [CMakeFiles/cmTC_e1431.dir/build.make:87：cmTC_e1431] 错误 1
make[1]: 离开目录“/home/ljm/HYPERCV/arm_build/CMakeFiles/CMakeTmp”
make: *** [Makefile:121：cmTC_e1431/fast] 错误 2



